<?xml version="1.0" encoding="UTF-8"?>
<!-- Generated by org.testng.reporters.JUnitReportReporter -->
<testsuite hostname="P5-H7VQX52" name="org.SeleniumMaven.Login" tests="1" failures="0" timestamp="16 May 2018 12:25:55 GMT" time="49.458" errors="0">
  <testcase name="GoToLogin" time="49.458" classname="org.SeleniumMaven.Login"/>
</testsuite> <!-- org.SeleniumMaven.Login -->
