<?xml version="1.0" encoding="UTF-8"?>
<!-- Generated by org.testng.reporters.JUnitReportReporter -->
<testsuite hostname="P5-H7VQX52" name="org.SeleniumMaven.WebdriverExample" tests="1" failures="0" timestamp="16 May 2018 10:21:27 GMT" time="2.473" errors="0">
  <testcase name="register" time="2.473" classname="org.SeleniumMaven.WebdriverExample"/>
</testsuite> <!-- org.SeleniumMaven.WebdriverExample -->
