<?xml version="1.0" encoding="UTF-8"?>
<!-- Generated by org.testng.reporters.JUnitReportReporter -->
<testsuite hostname="P5-H7VQX52" name="org.SeleniumMaven.NewTest1" tests="3" failures="0" timestamp="16 May 2018 07:36:09 GMT" time="0.021" errors="0">
  <testcase name="Test2_1" time="0.008" classname="org.SeleniumMaven.NewTest1"/>
  <testcase name="Test2_3" time="0.008" classname="org.SeleniumMaven.NewTest1"/>
  <testcase name="Test2_2" time="0.005" classname="org.SeleniumMaven.NewTest1"/>
</testsuite> <!-- org.SeleniumMaven.NewTest1 -->
