<?xml version="1.0" encoding="UTF-8"?>
<!-- Generated by org.testng.reporters.JUnitReportReporter -->
<testsuite hostname="P5-H7VQX52" name="org.SeleniumMaven.DataProviderEX" tests="4" failures="0" timestamp="17 May 2018 04:07:43 GMT" time="0.014" errors="0">
  <testcase name="Test3" time="0.006" classname="org.SeleniumMaven.DataProviderEX"/>
  <testcase name="Test3" time="0.002" classname="org.SeleniumMaven.DataProviderEX"/>
  <testcase name="Test3" time="0.004" classname="org.SeleniumMaven.DataProviderEX"/>
  <testcase name="Test3" time="0.002" classname="org.SeleniumMaven.DataProviderEX"/>
</testsuite> <!-- org.SeleniumMaven.DataProviderEX -->
