<?xml version="1.0" encoding="UTF-8"?>
<!-- Generated by org.testng.reporters.JUnitReportReporter -->
<testsuite hostname="P5-H7VQX52" name="org.SeleniumMaven.ExcelReadExample1" tests="8" failures="0" timestamp="18 May 2018 07:09:51 GMT" time="12.121" errors="0">
  <testcase name="AddToCart" time="0.167" classname="org.SeleniumMaven.ExcelReadExample1"/>
  <testcase name="checkout" time="0.246" classname="org.SeleniumMaven.ExcelReadExample1"/>
  <testcase name="payment" time="0.147" classname="org.SeleniumMaven.ExcelReadExample1"/>
  <testcase name="cart" time="0.268" classname="org.SeleniumMaven.ExcelReadExample1"/>
  <testcase name="bankcredential" time="0.630" classname="org.SeleniumMaven.ExcelReadExample1"/>
  <testcase name="ExcelRead1_Login" time="6.202" classname="org.SeleniumMaven.ExcelReadExample1"/>
  <testcase name="select_category" time="0.746" classname="org.SeleniumMaven.ExcelReadExample1"/>
  <testcase name="BankDetails" time="3.715" classname="org.SeleniumMaven.ExcelReadExample1"/>
</testsuite> <!-- org.SeleniumMaven.ExcelReadExample1 -->
